<?xml version="1.0" encoding="UTF-8"?>
<testsuite name="org.egov.tradelicence.service.TradeLicenceMasterServiceTest" time="0.079" tests="3" errors="1" skipped="0" failures="2">
  <properties>
    <property name="java.runtime.name" value="Java(TM) SE Runtime Environment"/>
    <property name="sun.boot.library.path" value="C:\Program Files\Java\jdk1.8.0_112\jre\bin"/>
    <property name="java.vm.version" value="25.112-b15"/>
    <property name="java.vm.vendor" value="Oracle Corporation"/>
    <property name="maven.multiModuleProjectDirectory" value="D:\Pavan\pavanworkspace\tl-tradelicense"/>
    <property name="java.vendor.url" value="http://java.oracle.com/"/>
    <property name="path.separator" value=";"/>
    <property name="guice.disable.misplaced.annotation.check" value="true"/>
    <property name="java.vm.name" value="Java HotSpot(TM) 64-Bit Server VM"/>
    <property name="file.encoding.pkg" value="sun.io"/>
    <property name="user.script" value=""/>
    <property name="user.country" value="US"/>
    <property name="sun.java.launcher" value="SUN_STANDARD"/>
    <property name="sun.os.patch.level" value="Service Pack 1"/>
    <property name="java.vm.specification.name" value="Java Virtual Machine Specification"/>
    <property name="user.dir" value="D:\Pavan\pavanworkspace\tl-tradelicense"/>
    <property name="java.runtime.version" value="1.8.0_112-b15"/>
    <property name="java.awt.graphicsenv" value="sun.awt.Win32GraphicsEnvironment"/>
    <property name="java.endorsed.dirs" value="C:\Program Files\Java\jdk1.8.0_112\jre\lib\endorsed"/>
    <property name="os.arch" value="amd64"/>
    <property name="java.io.tmpdir" value="C:\Users\PavanWTC\AppData\Local\Temp\"/>
    <property name="line.separator" value="&#10;"/>
    <property name="java.vm.specification.vendor" value="Oracle Corporation"/>
    <property name="user.variant" value=""/>
    <property name="os.name" value="Windows 7"/>
    <property name="classworlds.conf" value="D:\Pavan\pavanworkspace\.metadata\.plugins\org.eclipse.m2e.launching\launches\m2conf2712758064137628077.tmp"/>
    <property name="sun.jnu.encoding" value="Cp1252"/>
    <property name="java.library.path" value="C:\Program Files\Java\jdk1.8.0_112\bin;C:\Windows\Sun\Java\bin;C:\Windows\system32;C:\Windows;C:/Program Files/Java/jre1.8.0_112/bin/server;C:/Program Files/Java/jre1.8.0_112/bin;C:/Program Files/Java/jre1.8.0_112/lib/amd64;C:\ProgramData\Oracle\Java\javapath;C:\Ruby23-x64\bin;C:\Windows\system32;C:\Windows;C:\Windows\System32\Wbem;C:\Windows\System32\WindowsPowerShell\v1.0\;C:\Program Files\Intel\WiFi\bin\;C:\Program Files\Common Files\Intel\WirelessCommon\;C:\Program Files\nodejs\;%JAVA_HOME%\bin;C:\Program Files\MongoDB\Server\3.2\bin;C:\Program Files (x86)\Skype\Phone\;C:\Program Files\PuTTY\;D:\Softwares\apache-maven-3.5.0\bin;C:\Program Files\TortoiseGit\bin;D:\Softwares\zookeeper-3.4.10\bin;C:\Program Files\MySQL\MySQL Utilities 1.6\;C:\Users\PavanWTC\bin\Sencha\Cmd;C:\Users\PavanWTC\bin\Sencha\Cmd\6.0.2.14/..;C:\Program Files\Intel\WiFi\bin\;C:\Program Files\Common Files\Intel\WirelessCommon\;C:\Users\PavanWTC\AppData\Roaming\npm;C:\Program Files\MongoDB\Server\3.2\bin;C:\Users\PavanWTC\Downloads\apache-ant-1.9.7\bin;C:\Users\PavanWTC\AppData\Local\Android\sdk\tools;C:\Users\PavanWTC\AppData\Local\Android\sdk\platform-tools;;D:\eclipse-jee-mars-2-win32-x86_64\eclipse;;."/>
    <property name="java.specification.name" value="Java Platform API Specification"/>
    <property name="java.class.version" value="52.0"/>
    <property name="sun.management.compiler" value="HotSpot 64-Bit Tiered Compilers"/>
    <property name="os.version" value="6.1"/>
    <property name="user.home" value="C:\Users\PavanWTC"/>
    <property name="user.timezone" value="Asia/Calcutta"/>
    <property name="java.awt.printerjob" value="sun.awt.windows.WPrinterJob"/>
    <property name="java.specification.version" value="1.8"/>
    <property name="file.encoding" value="Cp1252"/>
    <property name="user.name" value="PavanWTC"/>
    <property name="java.class.path" value="/D:/eclipse-jee-mars-2-win32-x86_64/eclipse/plugins/org.eclipse.m2e.maven.runtime_1.7.0.20160603-1931/jars/plexus-classworlds-2.5.2.jar"/>
    <property name="java.vm.specification.version" value="1.8"/>
    <property name="sun.arch.data.model" value="64"/>
    <property name="java.home" value="C:\Program Files\Java\jdk1.8.0_112\jre"/>
    <property name="sun.java.command" value="org.codehaus.plexus.classworlds.launcher.Launcher -B clean install"/>
    <property name="java.specification.vendor" value="Oracle Corporation"/>
    <property name="user.language" value="en"/>
    <property name="awt.toolkit" value="sun.awt.windows.WToolkit"/>
    <property name="java.vm.info" value="mixed mode"/>
    <property name="java.version" value="1.8.0_112"/>
    <property name="java.ext.dirs" value="C:\Program Files\Java\jdk1.8.0_112\jre\lib\ext;C:\Windows\Sun\Java\lib\ext"/>
    <property name="sun.boot.class.path" value="C:\Program Files\Java\jdk1.8.0_112\jre\lib\resources.jar;C:\Program Files\Java\jdk1.8.0_112\jre\lib\rt.jar;C:\Program Files\Java\jdk1.8.0_112\jre\lib\sunrsasign.jar;C:\Program Files\Java\jdk1.8.0_112\jre\lib\jsse.jar;C:\Program Files\Java\jdk1.8.0_112\jre\lib\jce.jar;C:\Program Files\Java\jdk1.8.0_112\jre\lib\charsets.jar;C:\Program Files\Java\jdk1.8.0_112\jre\lib\jfr.jar;C:\Program Files\Java\jdk1.8.0_112\jre\classes"/>
    <property name="java.vendor" value="Oracle Corporation"/>
    <property name="maven.home" value="D:\Pavan\pavanworkspace\tl-tradelicense\EMBEDDED"/>
    <property name="file.separator" value="\"/>
    <property name="java.vendor.url.bug" value="http://bugreport.sun.com/bugreport/"/>
    <property name="sun.cpu.endian" value="little"/>
    <property name="sun.io.unicode.encoding" value="UnicodeLittle"/>
    <property name="sun.desktop" value="windows"/>
    <property name="sun.cpu.isalist" value="amd64"/>
  </properties>
  <testcase name="createCategory" classname="org.egov.tradelicence.service.TradeLicenceMasterServiceTest" time="0.069">
    <failure type="java.lang.AssertionError:">java.lang.AssertionError: null
	at org.junit.Assert.fail(Assert.java:86)
	at org.junit.Assert.assertTrue(Assert.java:41)
	at org.junit.Assert.assertTrue(Assert.java:52)
	at org.egov.tradelicence.service.TradeLicenceMasterServiceTest.createCategory(TradeLicenceMasterServiceTest.java:77)
</failure>
    <system-out><![CDATA[2017-07-19 15:26:32.569  INFO 4684 --- [           main] o.s.t.c.support.AbstractContextLoader    : Could not detect default resource locations for test class [org.egov.tradelicence.service.TradeLicenceMasterServiceTest]: no resource found for suffixes {-context.xml, Context.groovy}.
2017-07-19 15:26:32.586  INFO 4684 --- [           main] .b.t.c.SpringBootTestContextBootstrapper : Loaded default TestExecutionListener class names from location [META-INF/spring.factories]: [org.springframework.boot.test.mock.mockito.MockitoTestExecutionListener, org.springframework.boot.test.mock.mockito.ResetMocksTestExecutionListener, org.springframework.boot.test.autoconfigure.restdocs.RestDocsTestExecutionListener, org.springframework.boot.test.autoconfigure.web.client.MockRestServiceServerResetTestExecutionListener, org.springframework.boot.test.autoconfigure.web.servlet.MockMvcPrintOnlyOnFailureTestExecutionListener, org.springframework.boot.test.autoconfigure.web.servlet.WebDriverTestExecutionListener, org.springframework.test.context.web.ServletTestExecutionListener, org.springframework.test.context.support.DirtiesContextBeforeModesTestExecutionListener, org.springframework.test.context.support.DependencyInjectionTestExecutionListener, org.springframework.test.context.support.DirtiesContextTestExecutionListener, org.springframework.test.context.transaction.TransactionalTestExecutionListener, org.springframework.test.context.jdbc.SqlScriptsTestExecutionListener]
2017-07-19 15:26:32.626  INFO 4684 --- [           main] .b.t.c.SpringBootTestContextBootstrapper : Using TestExecutionListeners: [org.springframework.test.context.web.ServletTestExecutionListener@78830d9a, org.springframework.test.context.support.DirtiesContextBeforeModesTestExecutionListener@5ce4369b, org.springframework.boot.test.autoconfigure.SpringBootDependencyInjectionTestExecutionListener@7f829c76, org.springframework.test.context.support.DirtiesContextTestExecutionListener@1cb19dba, org.springframework.test.context.transaction.TransactionalTestExecutionListener@7c3ebc6b, org.springframework.test.context.jdbc.SqlScriptsTestExecutionListener@1931d99, org.springframework.boot.test.mock.mockito.MockitoTestExecutionListener@6a9950f1, org.springframework.boot.test.autoconfigure.web.client.MockRestServiceServerResetTestExecutionListener@7ad54c55, org.springframework.boot.test.mock.mockito.ResetMocksTestExecutionListener@73017a80, org.springframework.boot.test.autoconfigure.restdocs.RestDocsTestExecutionListener@6ae7deac, org.springframework.boot.test.autoconfigure.web.servlet.MockMvcPrintOnlyOnFailureTestExecutionListener@4a5905d9, org.springframework.boot.test.autoconfigure.web.servlet.WebDriverTestExecutionListener@1a3e5f23]

  .   ____          _            __ _ _
 /\\ / ___'_ __ _ _(_)_ __  __ _ \ \ \ \
( ( )\___ | '_ | '_| | '_ \/ _` | \ \ \ \
 \\/  ___)| |_)| | | | | || (_| |  ) ) ) )
  '  |____| .__|_| |_|_| |_\__, | / / / /
 =========|_|==============|___/=/_/_/_/
 :: Spring Boot ::        (v1.5.3.RELEASE)

2017-07-19 15:26:32.722  INFO 4684 --- [           main] o.e.t.s.TradeLicenceMasterServiceTest    : Starting TradeLicenceMasterServiceTest on PavanWTC-PC with PID 4684 (started by PavanWTC in D:\Pavan\pavanworkspace\tl-tradelicense)
2017-07-19 15:26:32.722  INFO 4684 --- [           main] o.e.t.s.TradeLicenceMasterServiceTest    : No active profile set, falling back to default profiles: default
2017-07-19 15:26:32.727  INFO 4684 --- [           main] o.s.w.c.s.GenericWebApplicationContext   : Refreshing org.springframework.web.context.support.GenericWebApplicationContext@c6a6c1d: startup date [Wed Jul 19 15:26:32 IST 2017]; root of context hierarchy
2017-07-19 15:26:34.607  INFO 4684 --- [           main] s.w.s.m.m.a.RequestMappingHandlerMapping : Mapped "{[/tradelicence/category/_create],methods=[POST]}" onto public org.egov.models.CategoryResponse org.egov.tradelicence.controller.TradeLicenceMasterController.craeateCategoryMaster(java.lang.String,org.egov.models.CategoryRequest)
2017-07-19 15:26:34.607  INFO 4684 --- [           main] s.w.s.m.m.a.RequestMappingHandlerMapping : Mapped "{[/tradelicence/category/_update],methods=[POST]}" onto public org.egov.models.CategoryResponse org.egov.tradelicence.controller.TradeLicenceMasterController.updateCategoryMaster(org.egov.models.CategoryRequest)
2017-07-19 15:26:34.607  INFO 4684 --- [           main] s.w.s.m.m.a.RequestMappingHandlerMapping : Mapped "{[/tradelicence/category/_search],methods=[POST]}" onto public org.egov.models.CategoryResponse org.egov.tradelicence.controller.TradeLicenceMasterController.getCategoryMaster(org.egov.models.RequestInfoWrapper,java.lang.String,java.lang.Integer[],java.lang.String,java.lang.String,java.lang.Integer,java.lang.Integer) throws java.lang.Exception
2017-07-19 15:26:34.611  INFO 4684 --- [           main] s.w.s.m.m.a.RequestMappingHandlerMapping : Mapped "{[/error]}" onto public org.springframework.http.ResponseEntity<java.util.Map<java.lang.String, java.lang.Object>> org.springframework.boot.autoconfigure.web.BasicErrorController.error(javax.servlet.http.HttpServletRequest)
2017-07-19 15:26:34.612  INFO 4684 --- [           main] s.w.s.m.m.a.RequestMappingHandlerMapping : Mapped "{[/error],produces=[text/html]}" onto public org.springframework.web.servlet.ModelAndView org.springframework.boot.autoconfigure.web.BasicErrorController.errorHtml(javax.servlet.http.HttpServletRequest,javax.servlet.http.HttpServletResponse)
2017-07-19 15:26:34.760  INFO 4684 --- [           main] s.w.s.m.m.a.RequestMappingHandlerAdapter : Looking for @ControllerAdvice: org.springframework.web.context.support.GenericWebApplicationContext@c6a6c1d: startup date [Wed Jul 19 15:26:32 IST 2017]; root of context hierarchy
2017-07-19 15:26:35.841  INFO 4684 --- [           main] o.f.core.internal.util.VersionPrinter    : Flyway 3.2.1 by Boxfuse
2017-07-19 15:26:36.322  INFO 4684 --- [           main] o.f.c.i.dbsupport.DbSupportFactory       : Database: jdbc:postgresql://localhost:5432/postgres (PostgreSQL 9.6)
2017-07-19 15:26:36.454  INFO 4684 --- [           main] o.f.core.internal.command.DbValidate     : Validated 6 migrations (execution time 00:00.050s)
2017-07-19 15:26:36.502  INFO 4684 --- [           main] o.f.core.internal.command.DbMigrate      : Current version of schema "public": 20170718040259
2017-07-19 15:26:36.504  INFO 4684 --- [           main] o.f.core.internal.command.DbMigrate      : Schema "public" is up to date. No migration necessary.
2017-07-19 15:26:36.844  INFO 4684 --- [           main] o.e.t.s.TradeLicenceMasterServiceTest    : Started TradeLicenceMasterServiceTest in 4.206 seconds (JVM running for 9.334)
]]></system-out>
  </testcase>
  <testcase name="modifyCategory" classname="org.egov.tradelicence.service.TradeLicenceMasterServiceTest" time="0.002">
    <failure type="java.lang.AssertionError:">java.lang.AssertionError: null
	at org.junit.Assert.fail(Assert.java:86)
	at org.junit.Assert.assertTrue(Assert.java:41)
	at org.junit.Assert.assertTrue(Assert.java:52)
	at org.egov.tradelicence.service.TradeLicenceMasterServiceTest.modifyCategory(TradeLicenceMasterServiceTest.java:116)
</failure>
  </testcase>
  <testcase name="searchCategory" classname="org.egov.tradelicence.service.TradeLicenceMasterServiceTest" time="0.008">
    <error type="java.lang.NullPointerException:">java.lang.NullPointerException: null
	at org.egov.tradelicence.service.TradeLicenceMasterServiceTest.searchCategory(TradeLicenceMasterServiceTest.java:127)
</error>
  </testcase>
</testsuite>